<?xml version="1.0" encoding="UTF-8"?>
<testsuite xmlns:xsi="http://www.w3.org/2001/XMLSchema-instance" xsi:noNamespaceSchemaLocation="https://maven.apache.org/surefire/maven-surefire-plugin/xsd/surefire-test-report.xsd" name="jline.solvers.ln.SolverLNTest" time="0.031" tests="4" errors="0" skipped="0" failures="0">
  <properties>
[...]
</properties>
  <testcase name="testMultipleLayerAndMatrix" classname="jline.solvers.ln.SolverLNTest" time="0.019"/>
  <testcase name="testgetStruct" classname="jline.solvers.ln.SolverLNTest" time="0.001"/>
  <testcase name="testSingleLayerResult" classname="jline.solvers.ln.SolverLNTest" time="0.004"/>
  <testcase name="testLayerStruct" classname="jline.solvers.ln.SolverLNTest" time="0.007"/>
</testsuite>