<?xml version="1.0" encoding="UTF-8"?>
<testsuite xmlns:xsi="http://www.w3.org/2001/XMLSchema-instance" xsi:noNamespaceSchemaLocation="https://maven.apache.org/surefire/maven-surefire-plugin/xsd/surefire-test-report.xsd" name="jline.api.PFQNTest" time="1.873" tests="98" errors="0" skipped="0" failures="3">
  <properties>
[...]
</properties>
  <testcase name="pfqn_mmint2_gausslegendreTest1" classname="jline.api.PFQNTest" time="0.367"/>
  <testcase name="pfqn_mmint2_gausslegendreTest2" classname="jline.api.PFQNTest" time="0.183"/>
  <testcase name="pfqn_mmint2_gausslegendreTest3" classname="jline.api.PFQNTest" time="0.105"/>
  <testcase name="pfqn_mmint2_gausslegendreTest4" classname="jline.api.PFQNTest" time="0.126"/>
  <testcase name="pfqn_xzgsbupTest1" classname="jline.api.PFQNTest" time="0.001"/>
  <testcase name="pfqn_xzgsbupTest2" classname="jline.api.PFQNTest" time="0.001"/>
  <testcase name="pfqn_xzgsbupTest3" classname="jline.api.PFQNTest" time="0"/>
  <testcase name="pfqn_xzgsbupTest4" classname="jline.api.PFQNTest" time="0.001"/>
  <testcase name="pfqn_xzgsbupTest5" classname="jline.api.PFQNTest" time="0"/>
  <testcase name="compute_norm_constTest1" classname="jline.api.PFQNTest" time="0.011"/>
  <testcase name="compute_norm_constTest2" classname="jline.api.PFQNTest" time="0.002"/>
  <testcase name="compute_norm_constTest3" classname="jline.api.PFQNTest" time="0.004"/>
  <testcase name="compute_norm_constTest4" classname="jline.api.PFQNTest" time="0.102"/>
  <testcase name="compute_norm_constTest5" classname="jline.api.PFQNTest" time="0"/>
  <testcase name="compute_norm_constTest6" classname="jline.api.PFQNTest" time="0.179"/>
  <testcase name="compute_norm_constTest7" classname="jline.api.PFQNTest" time="0.001"/>
  <testcase name="compute_norm_constTest8" classname="jline.api.PFQNTest" time="0.001"/>
  <testcase name="pfqn_xzabaupTest1" classname="jline.api.PFQNTest" time="0"/>
  <testcase name="pfqn_xzabaupTest2" classname="jline.api.PFQNTest" time="0"/>
  <testcase name="pfqn_xzabaupTest3" classname="jline.api.PFQNTest" time="0"/>
  <testcase name="pfqn_xzgsblowTest1" classname="jline.api.PFQNTest" time="0"/>
  <testcase name="pfqn_xzgsblowTest2" classname="jline.api.PFQNTest" time="0.001"/>
  <testcase name="pfqn_xzgsblowTest3" classname="jline.api.PFQNTest" time="0"/>
  <testcase name="pfqn_linearizerTest1" classname="jline.api.PFQNTest" time="0.001"/>
  <testcase name="pfqn_linearizerTest2" classname="jline.api.PFQNTest" time="0.002"/>
  <testcase name="compute_norm_const_ldTest1" classname="jline.api.PFQNTest" time="0.001"/>
  <testcase name="compute_norm_const_ldTest2" classname="jline.api.PFQNTest" time="0.001"/>
  <testcase name="pfqn_comomrmTest1" classname="jline.api.PFQNTest" time="0.001"/>
  <testcase name="pfqn_comomrmTest2" classname="jline.api.PFQNTest" time="0"/>
  <testcase name="pfqn_comomrmTest3" classname="jline.api.PFQNTest" time="0.005">
    <failure message="expected: &lt;17.144180853879238&gt; but was: &lt;16.4554454552605&gt;" type="org.opentest4j.AssertionFailedError"><![CDATA[org.opentest4j.AssertionFailedError: expected: <17.144180853879238> but was: <16.4554454552605>
	at jline.api.PFQNTest.pfqn_comomrmTest3(PFQNTest.java:668)
]]></failure>
  </testcase>
  <testcase name="pfqn_comomrmTest4" classname="jline.api.PFQNTest" time="0.001">
    <failure message="expected: &lt;8&gt; but was: &lt;6&gt;" type="org.opentest4j.AssertionFailedError"><![CDATA[org.opentest4j.AssertionFailedError: expected: <8> but was: <6>
	at jline.api.PFQNTest.pfqn_comomrmTest4(PFQNTest.java:696)
]]></failure>
  </testcase>
  <testcase name="pfqn_ncldTest1" classname="jline.api.PFQNTest" time="0.001"/>
  <testcase name="pfqn_ncldTest2" classname="jline.api.PFQNTest" time="0"/>
  <testcase name="pfqn_ncldTest3" classname="jline.api.PFQNTest" time="0.023"/>
  <testcase name="pfqn_ncldTest4" classname="jline.api.PFQNTest" time="0.001"/>
  <testcase name="pfqn_ncldTest5" classname="jline.api.PFQNTest" time="0"/>
  <testcase name="pfqn_mushiftTest" classname="jline.api.PFQNTest" time="0.001"/>
  <testcase name="pfqn_leTest1" classname="jline.api.PFQNTest" time="0"/>
  <testcase name="pfqn_leTest2" classname="jline.api.PFQNTest" time="0.001"/>
  <testcase name="pfqn_leTest3" classname="jline.api.PFQNTest" time="0.001"/>
  <testcase name="pfqn_leTest4" classname="jline.api.PFQNTest" time="0.001"/>
  <testcase name="pfqn_bsTest1" classname="jline.api.PFQNTest" time="0"/>
  <testcase name="pfqn_bsTest2" classname="jline.api.PFQNTest" time="0.001"/>
  <testcase name="pfqn_bsTest3" classname="jline.api.PFQNTest" time="0"/>
  <testcase name="pfqn_mvaldTest1" classname="jline.api.PFQNTest" time="0.001"/>
  <testcase name="pfqn_lsTest1" classname="jline.api.PFQNTest" time="0.001"/>
  <testcase name="pfqn_lsTest2" classname="jline.api.PFQNTest" time="0.22"/>
  <testcase name="pfqn_lsTest3" classname="jline.api.PFQNTest" time="0.209"/>
  <testcase name="pfqn_lsTest4" classname="jline.api.PFQNTest" time="0.214">
    <failure message="expected: &lt;5.368090955068173E8&gt; but was: &lt;6.086095161812693E8&gt;" type="org.opentest4j.AssertionFailedError"><![CDATA[org.opentest4j.AssertionFailedError: expected: <5.368090955068173E8> but was: <6.086095161812693E8>
	at jline.api.PFQNTest.pfqn_lsTest4(PFQNTest.java:344)
]]></failure>
  </testcase>
  <testcase name="pfqn_caTest1" classname="jline.api.PFQNTest" time="0.001"/>
  <testcase name="pfqn_caTest2" classname="jline.api.PFQNTest" time="0"/>
  <testcase name="pfqn_caTest3" classname="jline.api.PFQNTest" time="0"/>
  <testcase name="pfqn_caTest4" classname="jline.api.PFQNTest" time="0"/>
  <testcase name="pfqn_gldTest1" classname="jline.api.PFQNTest" time="0"/>
  <testcase name="pfqn_gldTest2" classname="jline.api.PFQNTest" time="0.001"/>
  <testcase name="pfqn_gldTest3" classname="jline.api.PFQNTest" time="0"/>
  <testcase name="pfqn_gldTest4" classname="jline.api.PFQNTest" time="0.021"/>
  <testcase name="pfqn_gldTest5" classname="jline.api.PFQNTest" time="0.03"/>
  <testcase name="pfqn_gldTest6" classname="jline.api.PFQNTest" time="0.002"/>
  <testcase name="pfqn_qzgbupTest1" classname="jline.api.PFQNTest" time="0"/>
  <testcase name="pfqn_qzgbupTest2" classname="jline.api.PFQNTest" time="0"/>
  <testcase name="pfqn_qzgbupTest3" classname="jline.api.PFQNTest" time="0.001"/>
  <testcase name="pfqn_qzgbupTest4" classname="jline.api.PFQNTest" time="0"/>
  <testcase name="pfqn_qzgbupTest5" classname="jline.api.PFQNTest" time="0.001"/>
  <testcase name="pfqn_qzgbupTest6" classname="jline.api.PFQNTest" time="0"/>
  <testcase name="pfqn_linearizermsTest1" classname="jline.api.PFQNTest" time="0.003"/>
  <testcase name="pfqn_mvamsTest1" classname="jline.api.PFQNTest" time="0.001"/>
  <testcase name="pfqn_mvamsTest2" classname="jline.api.PFQNTest" time="0"/>
  <testcase name="pfqn_mvaldmx_ecTest1" classname="jline.api.PFQNTest" time="0.002"/>
  <testcase name="pfqn_mvaldmx_ecTest2" classname="jline.api.PFQNTest" time="0"/>
  <testcase name="pfqn_mvaldmx_ecTest3" classname="jline.api.PFQNTest" time="0"/>
  <testcase name="pfqn_ncTest1" classname="jline.api.PFQNTest" time="0.001"/>
  <testcase name="pfqn_ncTest2" classname="jline.api.PFQNTest" time="0.001"/>
  <testcase name="pfqn_ncTest3" classname="jline.api.PFQNTest" time="0.001"/>
  <testcase name="pfqn_ncTest4" classname="jline.api.PFQNTest" time="0.001"/>
  <testcase name="pfqn_ncTest5" classname="jline.api.PFQNTest" time="0.001"/>
  <testcase name="pfqn_ncTest6" classname="jline.api.PFQNTest" time="0"/>
  <testcase name="pfqn_mvamxTest1" classname="jline.api.PFQNTest" time="0.001"/>
  <testcase name="pfqn_mvamxTest2" classname="jline.api.PFQNTest" time="0.001"/>
  <testcase name="pfqn_gldsingleTest1" classname="jline.api.PFQNTest" time="0"/>
  <testcase name="pfqn_gldsingleTest2" classname="jline.api.PFQNTest" time="0.001"/>
  <testcase name="pfqn_mvaldmsTest1" classname="jline.api.PFQNTest" time="0.001"/>
  <testcase name="pfqn_mvaldmsTest2" classname="jline.api.PFQNTest" time="0.001"/>
  <testcase name="pfqn_mvaldmxTest1" classname="jline.api.PFQNTest" time="0.001"/>
  <testcase name="pfqn_mvaldmxTest2" classname="jline.api.PFQNTest" time="0.001"/>
  <testcase name="pfqn_qzgblowTest1" classname="jline.api.PFQNTest" time="0"/>
  <testcase name="pfqn_qzgblowTest2" classname="jline.api.PFQNTest" time="0"/>
  <testcase name="pfqn_qzgblowTest3" classname="jline.api.PFQNTest" time="0"/>
  <testcase name="pfqn_qzgblowTest4" classname="jline.api.PFQNTest" time="0"/>
  <testcase name="pfqn_nc_sanitizeTest1" classname="jline.api.PFQNTest" time="0.001"/>
  <testcase name="pfqn_nc_sanitizeTest2" classname="jline.api.PFQNTest" time="0"/>
  <testcase name="pfqn_nc_sanitizeTest3" classname="jline.api.PFQNTest" time="0.001"/>
  <testcase name="pfqn_nc_sanitizeTest4" classname="jline.api.PFQNTest" time="0"/>
  <testcase name="pfqn_nc_sanitizeTest5" classname="jline.api.PFQNTest" time="0"/>
  <testcase name="pfqn_mvaTest1" classname="jline.api.PFQNTest" time="0"/>
  <testcase name="pfqn_mvaTest2" classname="jline.api.PFQNTest" time="0"/>
  <testcase name="pfqn_mvaTest3" classname="jline.api.PFQNTest" time="0.001"/>
  <testcase name="pfqn_mvaTest4" classname="jline.api.PFQNTest" time="0"/>
</testsuite>